<?xml version="1.0" encoding="UTF-8"?>
<testsuites>
<testsuite timestamp="2026-05-26T02:20:35" hostname="924ecc3c7a56" package="verify_counter" id="0" name="coverage" tests="4" errors="0" failures="0" time="1" skipped="3">
<properties>
<property name="os" value="Linux"/>
<property name="expect" value="PASS"/>
<property name="status" value="PASS"/>
</properties>
<testcase classname="coverage" name="build execution" time="0">
</testcase>
<testcase classname="coverage" name="Property ASSERT in pwm_counter at pwm_counter.v:32.17-32.42" time="0" type="ASSERT" location="pwm_counter.v:32.17-32.42" id="_witness_.check_assert_pwm_counter_v_32_17">
<skipped />
</testcase>
<testcase classname="coverage" name="Property ASSERT in pwm_counter at pwm_counter.v:40.21-40.46" time="0" type="ASSERT" location="pwm_counter.v:40.21-40.46" id="_witness_.check_assert_pwm_counter_v_40_27">
<skipped />
</testcase>
<testcase classname="coverage" name="Property ASSERT in pwm_counter at pwm_counter.v:42.21-42.59" time="0" type="ASSERT" location="pwm_counter.v:42.21-42.59" id="_witness_.check_assert_pwm_counter_v_42_31">
<skipped />
</testcase>
<testcase classname="coverage" name="Property COVER in pwm_counter at pwm_counter.v:49.17-49.42" time="0" type="COVER" location="pwm_counter.v:49.17-49.42" id="_witness_.check_cover_pwm_counter_v_49_37" tracefile="engine_0/trace0.vcd">
</testcase>
<system-out>SBY  2:20:33 [verify_counter_proof] Removing directory '/foss/designs/TTSky-PWM/test/sby/verify_counter_proof'.
SBY  2:20:34 [verify_counter_coverage] Removing directory '/foss/designs/TTSky-PWM/test/sby/verify_counter_coverage'.
SBY  2:20:34 [verify_counter_coverage] Writing '/foss/designs/TTSky-PWM/test/sby/verify_counter_coverage/src/pwm_counter.v'.
SBY  2:20:34 [verify_counter_coverage] engine_0: smtbmc
SBY  2:20:34 [verify_counter_coverage] base: starting process &quot;cd verify_counter_coverage/src; yosys -ql ../model/design.log ../model/design.ys&quot;
SBY  2:20:34 [verify_counter_coverage] base: finished (returncode=0)
SBY  2:20:34 [verify_counter_coverage] prep: starting process &quot;cd verify_counter_coverage/model; yosys -ql design_prep.log design_prep.ys&quot;
SBY  2:20:34 [verify_counter_coverage] prep: finished (returncode=0)
SBY  2:20:34 [verify_counter_coverage] smt2: starting process &quot;cd verify_counter_coverage/model; yosys -ql design_smt2.log design_smt2.ys&quot;
SBY  2:20:35 [verify_counter_coverage] smt2: finished (returncode=0)
SBY  2:20:35 [verify_counter_coverage] engine_0: starting process &quot;cd verify_counter_coverage; yosys-smtbmc --presat --unroll -c --noprogress -t 20  --append 0 --dump-vcd engine_0/trace%.vcd --dump-yw engine_0/trace%.yw --dump-vlogtb engine_0/trace%_tb.v --dump-smtc engine_0/trace%.smtc model/design_smt2.smt2&quot;
SBY  2:20:35 [verify_counter_coverage] engine_0: ##   0:00:00  Solver: yices
SBY  2:20:35 [verify_counter_coverage] engine_0: ##   0:00:00  Checking cover reachability in step 0..
SBY  2:20:35 [verify_counter_coverage] engine_0: ##   0:00:00  Checking cover reachability in step 1..
SBY  2:20:35 [verify_counter_coverage] engine_0: ##   0:00:00  Reached cover statement in step 1 at pwm_counter: pwm_counter.v:49.17-49.42 (_witness_.check_cover_pwm_counter_v_49_37)
SBY  2:20:35 [verify_counter_coverage] engine_0: ##   0:00:00  Writing trace to VCD file: engine_0/trace0.vcd
SBY  2:20:35 [verify_counter_coverage] engine_0: ##   0:00:00  Writing trace to Verilog testbench: engine_0/trace0_tb.v
SBY  2:20:35 [verify_counter_coverage] engine_0: ##   0:00:00  Writing trace to constraints file: engine_0/trace0.smtc
SBY  2:20:35 [verify_counter_coverage] engine_0: ##   0:00:00  Writing trace to Yosys witness file: engine_0/trace0.yw
SBY  2:20:35 [verify_counter_coverage] engine_0: ##   0:00:00  Status: passed
SBY  2:20:35 [verify_counter_coverage] engine_0: finished (returncode=0)
SBY  2:20:35 [verify_counter_coverage] engine_0: Status returned by engine: pass
SBY  2:20:35 [verify_counter_coverage] summary: Elapsed clock time [H:MM:SS (secs)]: 0:00:01 (1)
SBY  2:20:35 [verify_counter_coverage] summary: Elapsed process time [H:MM:SS (secs)]: 0:00:01 (1)
SBY  2:20:35 [verify_counter_coverage] summary: engine_0 (smtbmc) returned pass
SBY  2:20:35 [verify_counter_coverage] summary: cover trace: verify_counter_coverage/engine_0/trace0.vcd
SBY  2:20:35 [verify_counter_coverage] summary:   reached cover statement pwm_counter._witness_.check_cover_pwm_counter_v_49_37 at pwm_counter.v:49.17-49.42 step 1
SBY  2:20:35 [verify_counter_coverage] DONE (PASS, rc=0)
</system-out>
<system-err>
</system-err>
</testsuite>
</testsuites>
